2020-01-20T15:46:36+00:00 NOTICE action_scheduler.queue_job :: MailChimp_WooCommerce_Single_Order starts in 90 seconds :: obj_id 3757
2020-01-20T15:48:45+00:00 NOTICE order_submit.success :: updateStoreOrder :: #3757 :: email: elianamedinart1@gmail.com
2020-01-20T15:58:33+00:00 NOTICE action_scheduler.queue_job :: MailChimp_WooCommerce_Single_Order starts in 90 seconds :: obj_id 3762
2020-01-20T16:00:55+00:00 NOTICE order_submit.success :: updateStoreOrder :: #3762 :: email: l_torregrosa@hotmail.com
2020-01-20T21:44:36+00:00 NOTICE action_scheduler.queue_job :: MailChimp_WooCommerce_Cart_Update starts in the next minute :: obj_id 709bab5777ad3f15209ce42eacbeecdc
2020-01-20T21:45:33+00:00 NOTICE abandoned_cart.success :: email: krazuldecora@gmail.com :: checkout_url: https://www.zaomakeup.com.co/checkout/?mc_cart_id=709bab5777ad3f15209ce42eacbeecdc
2020-01-20T21:48:04+00:00 NOTICE action_scheduler.queue_job :: MailChimp_WooCommerce_Cart_Update starts in the next minute :: obj_id 709bab5777ad3f15209ce42eacbeecdc
2020-01-20T21:49:03+00:00 NOTICE abandoned_cart.success :: email: krazuldecora@gmail.com :: checkout_url: https://www.zaomakeup.com.co/checkout/?mc_cart_id=709bab5777ad3f15209ce42eacbeecdc
2020-01-20T21:57:59+00:00 NOTICE action_scheduler.queue_job :: MailChimp_WooCommerce_User_Submit starts in the next minute :: obj_id 114
2020-01-20T21:57:59+00:00 NOTICE action_scheduler.queue_job :: MailChimp_WooCommerce_Single_Order starts in 90 seconds :: obj_id 3770
2020-01-20T21:58:00+00:00 NOTICE member.sync :: Updated Member krazuldecora@gmail.com ( merge fields only ) :: Array
(
    [merge_fields] => Array
        (
            [FNAME] => Catalina
            [LNAME] => Ruiz Arango
        )

)

2020-01-20T21:59:22+00:00 NOTICE action_scheduler.queue_job :: MailChimp_WooCommerce_User_Submit starts in the next minute :: obj_id 114
2020-01-20T21:59:53+00:00 NOTICE member.sync :: Updated Member krazuldecora@gmail.com ( merge fields only ) :: Array
(
    [merge_fields] => Array
        (
            [FNAME] => Catalina
            [LNAME] => Ruiz Arango
        )

)

2020-01-20T22:01:32+00:00 NOTICE order_submit.success :: addStoreOrder :: #3770 :: email: krazuldecora@gmail.com :: abandoned cart deleted [709bab5777ad3f15209ce42eacbeecdc]
