[26-Aug-2019 12:35:59 UTC] PHP Fatal error:  Uncaught Error: Call to undefined function language_attributes() in /home/forge/zaomakeup.com.co/wp-includes/theme-compat/header-embed.php:19
Stack trace:
#0 {main}
  thrown in /home/forge/zaomakeup.com.co/wp-includes/theme-compat/header-embed.php on line 19
[03-Sep-2019 23:39:24 UTC] PHP Fatal error:  Uncaught Error: Call to undefined function language_attributes() in /home/forge/zaomakeup.com.co/wp-includes/theme-compat/header-embed.php:19
Stack trace:
#0 {main}
  thrown in /home/forge/zaomakeup.com.co/wp-includes/theme-compat/header-embed.php on line 19
[13-Sep-2019 03:49:47 UTC] PHP Fatal error:  Uncaught Error: Call to undefined function language_attributes() in /home/forge/zaomakeup.com.co/wp-includes/theme-compat/header-embed.php:19
Stack trace:
#0 {main}
  thrown in /home/forge/zaomakeup.com.co/wp-includes/theme-compat/header-embed.php on line 19
[25-Sep-2019 07:53:53 UTC] PHP Fatal error:  Uncaught Error: Call to undefined function language_attributes() in /home/forge/zaomakeup.com.co/wp-includes/theme-compat/header-embed.php:19
Stack trace:
#0 {main}
  thrown in /home/forge/zaomakeup.com.co/wp-includes/theme-compat/header-embed.php on line 19
[11-Oct-2019 18:46:15 UTC] PHP Fatal error:  Uncaught Error: Call to undefined function language_attributes() in /home/forge/zaomakeup.com.co/wp-includes/theme-compat/header-embed.php:19
Stack trace:
#0 {main}
  thrown in /home/forge/zaomakeup.com.co/wp-includes/theme-compat/header-embed.php on line 19
[28-Oct-2019 19:55:54 UTC] PHP Fatal error:  Uncaught Error: Call to undefined function language_attributes() in /home/forge/zaomakeup.com.co/wp-includes/theme-compat/header-embed.php:19
Stack trace:
#0 {main}
  thrown in /home/forge/zaomakeup.com.co/wp-includes/theme-compat/header-embed.php on line 19
[16-Nov-2019 03:49:53 UTC] PHP Fatal error:  Uncaught Error: Call to undefined function language_attributes() in /home/forge/zaomakeup.com.co/wp-includes/theme-compat/header-embed.php:19
Stack trace:
#0 {main}
  thrown in /home/forge/zaomakeup.com.co/wp-includes/theme-compat/header-embed.php on line 19
[02-Dec-2019 09:21:51 UTC] PHP Fatal error:  Uncaught Error: Call to undefined function language_attributes() in /home/forge/zaomakeup.com.co/wp-includes/theme-compat/header-embed.php:19
Stack trace:
#0 {main}
  thrown in /home/forge/zaomakeup.com.co/wp-includes/theme-compat/header-embed.php on line 19
[18-Dec-2019 21:03:55 UTC] PHP Fatal error:  Uncaught Error: Call to undefined function language_attributes() in /home/forge/zaomakeup.com.co/wp-includes/theme-compat/header-embed.php:19
Stack trace:
#0 {main}
  thrown in /home/forge/zaomakeup.com.co/wp-includes/theme-compat/header-embed.php on line 19
[02-Jan-2020 07:21:07 UTC] PHP Fatal error:  Uncaught Error: Call to undefined function language_attributes() in /home/forge/zaomakeup.com.co/wp-includes/theme-compat/header-embed.php:19
Stack trace:
#0 {main}
  thrown in /home/forge/zaomakeup.com.co/wp-includes/theme-compat/header-embed.php on line 19
[04-Jan-2020 03:58:29 UTC] PHP Fatal error:  Uncaught Error: Call to undefined function language_attributes() in /home/forge/zaomakeup.com.co/wp-includes/theme-compat/header-embed.php:19
Stack trace:
#0 {main}
  thrown in /home/forge/zaomakeup.com.co/wp-includes/theme-compat/header-embed.php on line 19
[04-Jan-2020 03:58:30 UTC] PHP Fatal error:  Uncaught Error: Call to undefined function language_attributes() in /home/forge/zaomakeup.com.co/wp-includes/theme-compat/header-embed.php:19
Stack trace:
#0 {main}
  thrown in /home/forge/zaomakeup.com.co/wp-includes/theme-compat/header-embed.php on line 19
